    2.304054     0.000000     0.000000          nan     0.000000     0.000000     0.000000
    2.326532     0.000000     0.000000          nan     0.000000     0.000000     0.000000
    2.618754     0.000000     0.000000          nan     0.000000     0.000000     0.000000
    2.641232     0.000000     0.000000          nan     0.000000     0.000000     0.000000
    2.663711     0.000000     0.000000          nan     0.000000     0.000000     0.000000
    2.686189     0.000000     0.000000          nan     0.000000     0.000000     0.000000
    2.708668     0.000000     0.000000          nan     0.000000     0.000000     0.000000
    2.731146     0.000000     0.000000          nan     0.000000     0.000000     0.000000
    2.753625     0.000000     0.000000          nan     0.000000     0.000000     0.000000
    2.776104     0.000000     0.000000          nan     0.000000     0.000000     0.000000
    2.798582     0.000000     0.000000          nan     0.000000     0.000000     0.000000
    2.821061     0.000000     0.000000          nan     0.000000     0.000000     0.000000
    2.843539     0.000000     0.000000          nan     0.000000     0.000000     0.000000
    2.866018     0.000000     0.000000          nan     0.000000     0.000000     0.000000
    2.888496     0.000000     0.000000          nan     0.000000     0.000000     0.000000
    2.910975     0.000000     0.000000          nan     0.000000     0.000000     0.000000
    2.933454     0.000000     0.000000          nan     0.000000     0.000000     0.000000
    2.955932     0.000000     0.000000          nan     0.000000     0.000000     0.000000
    2.978411     0.000000     0.000000          nan     0.000000     0.000000     0.000000
    3.000889     0.000000     0.000000          nan     0.000000     0.000000     0.000000
    3.023368     0.000000     0.000000          nan     0.000000     0.000000     0.000000
    3.045846     0.000000     0.000000          nan     0.000000     0.000000     0.000000
    3.068325     0.000000     0.000000          nan     0.000000     0.000000     0.000000
    3.090804     0.000000     0.000000          nan     0.000000     0.000000     0.000000
    3.113282     0.000000     0.000000          nan     0.000000     0.000000     0.000000
    3.135761     0.000000     0.000000          nan     0.000000     0.000000     0.000000
    3.158239     0.000000     0.000000          nan     0.000000     0.000000     0.000000
    3.180718     0.000000     0.000000          nan     0.000000     0.000000     0.000000
    3.203196     0.000000     0.000000          nan     0.000000     0.000000     0.000000
    3.225675     0.000000     0.000000          nan     0.000000     0.000000     0.000000
    3.248154     0.000000     0.000000          nan     0.000000     0.000000     0.000000
    3.270632     0.000000     0.000000          nan     0.000000     0.000000     0.000000
    3.293111     0.000000     0.000000          nan     0.000000     0.000000     0.000000
    3.315589     0.000000     0.000000          nan     0.000000     0.000000     0.000000
    3.338068     0.000000     0.000000          nan     0.000000     0.000000     0.000000
    3.360546     0.000000     0.000000          nan     0.000000     0.000000     0.000000
    3.383025     0.000000     0.000000          nan     0.000000     0.000000     0.000000
    3.405504     0.000000     0.000000          nan     0.000000     0.000000     0.000000
    3.427982     0.000000     0.000000          nan     0.000000     0.000000     0.000000
    3.450461     0.000000     0.000000          nan     0.000000     0.000000     0.000000
    3.472939     0.000000     0.000000          nan     0.000000     0.000000     0.000000
    3.495418     0.000000     0.000000          nan     0.000000     0.000000     0.000000
    3.517896     0.000000     0.000000          nan     0.000000     0.000000     0.000000
    3.540375     0.000000     0.000000          nan     0.000000     0.000000     0.000000
    3.562854     0.000000     0.000000          nan     0.000000     0.000000     0.000000
    3.585332     0.000000     0.000000          nan     0.000000     0.000000     0.000000
    3.607811     0.000000     0.000000          nan     0.000000     0.000000     0.000000
    3.630289     0.000000     0.000000          nan     0.000000     0.000000     0.000000
    3.652768     0.000000     0.000000          nan     0.000000     0.000000     0.000000
    3.675246     0.000000     0.000000          nan     0.000000     0.000000     0.000000
    3.697725     0.000000     0.000000          nan     0.000000     0.000000     0.000000
    3.720204     0.000000     0.000000          nan     0.000000     0.000000     0.000000
    3.742682     0.000000     0.000000          nan     0.000000     0.000000     0.000000
    3.765161     0.000000     0.000000          nan     0.000000     0.000000     0.000000
    3.787639     0.000000     0.000000          nan     0.000000     0.000000     0.000000
    3.810118     0.000000     0.000000          nan     0.000000     0.000000     0.000000
    3.832596     0.000000     0.000000          nan     0.000000     0.000000     0.000000
    3.855075     0.000000     0.000000          nan     0.000000     0.000000     0.000000
    3.877554     0.000000     0.000000          nan     0.000000     0.000000     0.000000
    3.900032     0.000000     0.000000          nan     0.000000     0.000000     0.000000
    3.922511     0.000000     0.000000         -inf     0.000000     0.000000     0.000000
    3.944989     0.000000     0.000000         -inf     0.000000     0.000000     0.000000
    3.967468     0.000000     0.000000     1.424323     0.000000     0.000000     0.000000
    3.989946     0.000000     0.000000     1.316604     0.000000     0.000000     0.000000
    4.012425     0.000000     0.000000     1.214832     0.000000     0.000000     0.000000
    4.034904     0.000000     0.000000     1.110963     0.000000     0.000000     0.000000
    4.057382     0.000000     0.000000     1.008533     0.000000     0.000000     0.000000
    4.079861     0.000000     0.000000     0.909387     0.000000     0.000000     0.000000
    4.102339     0.000000     0.000000     0.816141     0.000000     0.000000     0.000000
    4.124818     0.000000     0.000000     0.726987     0.000000     0.000000     0.000000
    4.147296     0.000000     0.000000     0.644573     0.000000     0.000000     0.000000
    4.169775     0.000000     0.000000     0.568755     0.000000     0.000000     0.000000
    4.192254     0.000000     0.000000     0.501913     0.000000     0.000000     0.000000
    4.214732     0.000000     0.000000     0.440866     0.000000     0.000000     0.000000
    4.237211     0.000000     0.000000     0.387681     0.000000     0.000000     0.000000
    4.259689     0.000000     0.000000     0.337947     0.000000     0.000000     0.000000
    4.282168     0.000000     0.000000     0.290588     0.000000     0.000000     0.000000
    4.304646     0.000000     0.000000     0.244191     0.000000     0.000000     0.000000
    4.327125     0.000000     0.000000     0.196090     0.000000     0.000000     0.000000
    4.349604     0.000000     0.000000     0.142319     0.000000     0.000000     0.000000
    4.372082     0.000000     0.000000     0.082622     0.000000     0.000000     0.000000
    4.394561     0.000000     0.000000     0.014555     0.000000     0.000000     0.000000
    4.417039     0.000000     0.000000    -0.060428     0.000000     0.000000     0.000000
    4.439518     0.000000     0.000000    -0.141547     0.000000     0.000000     0.000000
    4.461996     0.000000     0.000000    -0.219771     0.000000     0.000000     0.000000
    4.484475     0.000000     0.000000    -0.299942     0.000000     0.000000     0.000000
    4.506954     0.000000     0.000000    -0.379155     0.000000     0.000000     0.000000
    4.529432     0.000000     0.000000    -0.457040     0.000000     0.000000     0.000000
    4.551911     0.000000     0.000000    -0.535177     0.000000     0.000000     0.000000
    4.574389     0.000000     0.000000    -0.618742     0.000000     0.000000     0.000000
    4.596868     0.000000     0.000000    -0.718317     0.000000     0.000000     0.000000
    4.619346     0.000000     0.000000    -0.831984     0.000000     0.000000     0.000000
    4.641825     0.000000     0.000000    -0.962436     0.000000     0.000000     0.000000
    4.664304     0.000000     0.000000    -1.097039     0.000000     0.000000     0.000000
    4.686782     0.000000     0.000000    -1.222736     0.000000     0.000000     0.000000
    4.709261     0.000000     0.000000    -1.356445     0.000000     0.000000     0.000000
    4.731739     0.000000     0.000000    -1.487037     0.000000     0.000000     0.000000
    4.754218     0.000000     0.000000    -1.606265     0.000000     0.000000     0.000000
    4.776696     0.000000     0.000000    -1.701251     0.000000     0.000000     0.000000
    4.799175     0.000000     0.000000    -1.787863     0.000000     0.000000     0.000000
    4.821654     0.000000     0.000000    -1.869481     0.000000     0.000000     0.000000
    4.844132     0.000000     0.000000    -1.943266     0.000000     0.000000     0.000000
    4.866611     0.000000     0.000000    -2.014376     0.000000     0.000000     0.000000
    4.889089     0.000000     0.000000    -2.070986     0.000000     0.000000     0.000000
    4.911568     0.000000     0.000000    -2.104350     0.000000     0.000000     0.000000
    4.934046     0.000000     0.000000    -2.140687     0.000000     0.000000     0.000000
    4.956525     0.000000     0.000000    -2.164383     0.000000     0.000000     0.000000
    4.979004     0.000000     0.000000    -2.183150     0.000000     0.000000     0.000000
    5.001482     0.000000     0.000000    -2.196958     0.000000     0.000000     0.000000
    5.023961     0.000000     0.000000    -2.217877     0.000000     0.000000     0.000000
    5.046439     0.000000     0.000000    -2.247863     0.000000     0.000000     0.000000
    5.068918     0.000000     0.000000    -2.289422     0.000000     0.000000     0.000000
    5.091396     0.000000     0.000000    -2.328075     0.000000     0.000000     0.000000
    5.113875     0.000000     0.000000    -2.360189     0.000000     0.000000     0.000000
    5.136354     0.000000     0.000000    -2.393224     0.000000     0.000000     0.000000
    5.158832     0.000000     0.000000    -2.415561     0.000000     0.000000     0.000000
    5.181311     0.000000     0.000000    -2.434127     0.000000     0.000000     0.000000
    5.203789     0.000000     0.000000    -2.441519     0.000000     0.000000     0.000000
    5.226268     0.000000     0.000000    -2.424176     0.000000     0.000000     0.000000
    5.248746     0.000000     0.000000    -2.385978     0.000000     0.000000     0.000000
    5.271225     0.000000     0.000000    -2.338169     0.000000     0.000000     0.000000
    5.293704     0.000000     0.000000    -2.283914     0.000000     0.000000     0.000000
    5.316182     0.000000     0.000000    -2.224577     0.000000     0.000000     0.000000
    5.338661     0.000000     0.000000    -2.157090     0.000000     0.000000     0.000000
    5.361139     0.000000     0.000000    -2.088194     0.000000     0.000000     0.000000
    5.383618     0.000000     0.000000    -2.007324     0.000000     0.000000     0.000000
    5.406096     0.000000     0.000000    -1.926688     0.000000     0.000000     0.000000
    5.428575     0.000000     0.000000    -1.845191     0.000000     0.000000     0.000000
    5.451054     0.000000     0.000000    -1.759227     0.000000     0.000000     0.000000
    5.473532     0.000000     0.000000    -1.666508     0.000000     0.000000     0.000000
    5.496011     0.000000     0.000000    -1.572094     0.000000     0.000000     0.000000
    5.518489     0.000000     0.000000    -1.482622     0.000000     0.000000     0.000000
    5.540968     0.000000     0.000000    -1.388962     0.000000     0.000000     0.000000
    5.563446     0.000000     0.000000    -1.292745     0.000000     0.000000     0.000000
    5.585925     0.000000     0.000000    -1.192958     0.000000     0.000000     0.000000
    5.608404     0.000000     0.000000    -1.093363     0.000000     0.000000     0.000000
    5.630882     0.000000     0.000000    -0.996301     0.000000     0.000000     0.000000
    5.653361     0.000000     0.000000    -0.904539     0.000000     0.000000     0.000000
    5.675839     0.000000     0.000000    -0.815646     0.000000     0.000000     0.000000
    5.698318     0.000000     0.000000    -0.728320     0.000000     0.000000     0.000000
    5.720796     0.000000     0.000000    -0.643353     0.000000     0.000000     0.000000
    5.743275     0.000000     0.000000    -0.563887     0.000000     0.000000     0.000000
    5.765754     0.000000     0.000000    -0.487114     0.000000     0.000000     0.000000
    5.788232     0.000000     0.000000    -0.418004     0.000000     0.000000     0.000000
    5.810711     0.000000     0.000000    -0.352899     0.000000     0.000000     0.000000
    5.833189     0.000000     0.000000    -0.295300     0.000000     0.000000     0.000000
    5.855668     0.000000     0.000000    -0.247440     0.000000     0.000000     0.000000
    5.878146     0.000000     0.000000    -0.209519     0.000000     0.000000     0.000000
    5.900625     0.000000     0.000000    -0.181062     0.000000     0.000000     0.000000
    5.923104     0.000000     0.000000    -0.158612     0.000000     0.000000     0.000000
    5.945582     0.000000     0.000000    -0.141705     0.000000     0.000000     0.000000
    5.968061     0.000000     0.000000    -0.130200     0.000000     0.000000     0.000000
    5.990539     0.000000     0.000000    -0.121322     0.000000     0.000000     0.000000
    6.013018     0.000000     0.000000    -0.117939     0.000000     0.000000     0.000000
    6.035496     0.000000     0.000000    -0.117630     0.000000     0.000000     0.000000
    6.057975     0.000000     0.000000    -0.119615     0.000000     0.000000     0.000000
    6.080454     0.000000     0.000000    -0.126140     0.000000     0.000000     0.000000
    6.102932     0.000000     0.000000    -0.134673     0.000000     0.000000     0.000000
    6.125411     0.000000     0.000000    -0.145813     0.000000     0.000000     0.000000
    6.147889     0.000000     0.000000    -0.158555     0.000000     0.000000     0.000000
    6.170368     0.000000     0.000000    -0.173263     0.000000     0.000000     0.000000
    6.192846     0.000000     0.000000    -0.190496     0.000000     0.000000     0.000000
    6.215325     0.000000     0.000000    -0.207587     0.000000     0.000000     0.000000
    6.237804     0.000000     0.000000    -0.227874     0.000000     0.000000     0.000000
    6.260282     0.000000     0.000000    -0.250426     0.000000     0.000000     0.000000
    6.282761     0.000000     0.000000    -0.274045     0.000000     0.000000     0.000000
    6.305239     0.000000     0.000000    -0.299496     0.000000     0.000000     0.000000
    6.327718     0.000000     0.000000    -0.325453     0.000000     0.000000     0.000000
    6.350196     0.000000     0.000000    -0.352010     0.000000     0.000000     0.000000
    6.372675     0.000000     0.000000    -0.378830     0.000000     0.000000     0.000000
    6.395154     0.000000     0.000000    -0.405536     0.000000     0.000000     0.000000
    6.417632     0.000000     0.000000    -0.431008     0.000000     0.000000     0.000000
    6.440111     0.000000     0.000000    -0.457424     0.000000     0.000000     0.000000
    6.462589     0.000000     0.000000    -0.485820     0.000000     0.000000     0.000000
    6.485068     0.000000     0.000000    -0.513672     0.000000     0.000000     0.000000
    6.507546     0.000000     0.000000    -0.542759     0.000000     0.000000     0.000000
    6.530025     0.000000     0.000000    -0.574718     0.000000     0.000000     0.000000
    6.552504     0.000000     0.000000    -0.609851     0.000000     0.000000     0.000000
    6.574982     0.000000     0.000000    -0.645381     0.000000     0.000000     0.000000
    6.597461     0.000000     0.000000    -0.680807     0.000000     0.000000     0.000000
    6.619939     0.000000     0.000000    -0.714706     0.000000     0.000000     0.000000
    6.642418     0.000000     0.000000    -0.746251     0.000000     0.000000     0.000000
    6.664896     0.000000     0.000000    -0.778667     0.000000     0.000000     0.000000
    6.687375     0.000000     0.000000    -0.809678     0.000000     0.000000     0.000000
    6.709854     0.000000     0.000000    -0.836615     0.000000     0.000000     0.000000
    6.732332     0.000000     0.000000    -0.864599     0.000000     0.000000     0.000000
    6.754811     0.000000     0.000000    -0.893145     0.000000     0.000000     0.000000
    6.777289     0.000000     0.000000    -0.921262     0.000000     0.000000     0.000000
    6.799768     0.000000     0.000000    -0.944803     0.000000     0.000000     0.000000
    6.822246     0.000000     0.000000    -0.965839     0.000000     0.000000     0.000000
    6.844725     0.000000     0.000000    -0.982507     0.000000     0.000000     0.000000
    6.867204     0.000000     0.000000    -0.993681     0.000000     0.000000     0.000000
    6.889682     0.000000     0.000000    -0.996860     0.000000     0.000000     0.000000
    6.912161     0.000000     0.000000    -0.995322     0.000000     0.000000     0.000000
    6.934639     0.000000     0.000000    -0.985897     0.000000     0.000000     0.000000
    6.957118     0.000000     0.000000    -0.972952     0.000000     0.000000     0.000000
    6.979596     0.000000     0.000000    -0.957874     0.000000     0.000000     0.000000
    7.002075     0.000000     0.000000    -0.941358     0.000000     0.000000     0.000000
    7.024554     0.000000     0.000000    -0.923855     0.000000     0.000000     0.000000
    7.047032     0.000000     0.000000    -0.909292     0.000000     0.000000     0.000000
    7.069511     0.000000     0.000000    -0.895535     0.000000     0.000000     0.000000
    7.091989     0.000000     0.000000    -0.879929     0.000000     0.000000     0.000000
    7.114468     0.000000     0.000000    -0.863545     0.000000     0.000000     0.000000
    7.136946     0.000000     0.000000    -0.847391     0.000000     0.000000     0.000000
    7.159425     0.000000     0.000000    -0.827729     0.000000     0.000000     0.000000
    7.181904     0.000000     0.000000    -0.806180     0.000000     0.000000     0.000000
    7.204382     0.000000     0.000000    -0.782755     0.000000     0.000000     0.000000
    7.226861     0.000000     0.000000    -0.758777     0.000000     0.000000     0.000000
    7.249339     0.000000     0.000000    -0.732673     0.000000     0.000000     0.000000
    7.271818     0.000000     0.000000    -0.707041     0.000000     0.000000     0.000000
    7.294296     0.000000     0.000000    -0.680916     0.000000     0.000000     0.000000
    7.316775     0.000000     0.000000    -0.655461     0.000000     0.000000     0.000000
    7.339254     0.000000     0.000000    -0.634980     0.000000     0.000000     0.000000
    7.361732     0.000000     0.000000    -0.620737     0.000000     0.000000     0.000000
    7.384211     0.000000     0.000000    -0.613652     0.000000     0.000000     0.000000
    7.406689     0.000000     0.000000    -0.611710     0.000000     0.000000     0.000000
    7.429168     0.000000     0.000000    -0.612472     0.000000     0.000000     0.000000
    7.451646     0.000000     0.000000    -0.616414     0.000000     0.000000     0.000000
    7.474125     0.000000     0.000000    -0.620058     0.000000     0.000000     0.000000
    7.496604     0.000000     0.000000    -0.622867     0.000000     0.000000     0.000000
    7.519082     0.000000     0.000000    -0.621721     0.000000     0.000000     0.000000
    7.541561     0.000000     0.000000    -0.616993     0.000000     0.000000     0.000000
    7.564039     0.000000     0.000000    -0.608759     0.000000     0.000000     0.000000
    7.586518     0.000000     0.000000    -0.595052     0.000000     0.000000     0.000000
    7.608996     0.000000     0.000000    -0.573917     0.000000     0.000000     0.000000
    7.631475     0.000000     0.000000    -0.544500     0.000000     0.000000     0.000000
    7.653954     0.000000     0.000000    -0.508766     0.000000     0.000000     0.000000
    7.676432     0.000000     0.000000    -0.466416     0.000000     0.000000     0.000000
    7.698911     0.000000     0.000000    -0.419049     0.000000     0.000000     0.000000
    7.721389     0.000000     0.000000    -0.365800     0.000000     0.000000     0.000000
    7.743868     0.000000     0.000000    -0.307728     0.000000     0.000000     0.000000
    7.766346     0.000000     0.000000    -0.250531     0.000000     0.000000     0.000000
    7.788825     0.000000     0.000000    -0.193245     0.000000     0.000000     0.000000
    7.811304     0.000000     0.000000    -0.135973     0.000000     0.000000     0.000000
    7.833782     0.000000     0.000000    -0.081530     0.000000     0.000000     0.000000
    7.856261     0.000000     0.000000    -0.030337     0.000000     0.000000     0.000000
    7.878739     0.000000     0.000000     0.017287     0.000000     0.000000     0.000000
    7.901218     0.000000     0.000000     0.063564     0.000000     0.000000     0.000000
    7.923696     0.000000     0.000000     0.108783     0.000000     0.000000     0.000000
    7.946175     0.000000     0.000000     0.154446     0.000000     0.000000     0.000000
    7.968654     0.000000     0.000000     0.200089     0.000000     0.000000     0.000000
    7.991132     0.000000     0.000000     0.242374     0.000000     0.000000     0.000000
    8.013611     0.000000     0.000000     0.280234     0.000000     0.000000     0.000000
    8.036089     0.000000     0.000000     0.312767     0.000000     0.000000     0.000000
    8.058568     0.000000     0.000000     0.339418     0.000000     0.000000     0.000000
    8.081046     0.000000     0.000000     0.361826     0.000000     0.000000     0.000000
    8.103525     0.000000     0.000000     0.379208     0.000000     0.000000     0.000000
    8.126004     0.000000     0.000000     0.392496     0.000000     0.000000     0.000000
    8.148482     0.000000     0.000000     0.403352     0.000000     0.000000     0.000000
    8.170961     0.000000     0.000000     0.410677     0.000000     0.000000     0.000000
    8.193439     0.000000     0.000000     0.413296     0.000000     0.000000     0.000000
    8.215918     0.000000     0.000000     0.409560     0.000000     0.000000     0.000000
    8.238396     0.000000     0.000000     0.397617     0.000000     0.000000     0.000000
    8.260875     0.000000     0.000000     0.378984     0.000000     0.000000     0.000000
    8.283354     0.000000     0.000000     0.354072     0.000000     0.000000     0.000000
    8.305832     0.000000     0.000000     0.324021     0.000000     0.000000     0.000000
    8.328311     0.000000     0.000000     0.289295     0.000000     0.000000     0.000000
    8.350789     0.000000     0.000000     0.248838     0.000000     0.000000     0.000000
    8.373268     0.000000     0.000000     0.205157     0.000000     0.000000     0.000000
    8.395746     0.000000     0.000000     0.159849     0.000000     0.000000     0.000000
    8.418225     0.000000     0.000000     0.114525     0.000000     0.000000     0.000000
    8.440704     0.000000     0.000000     0.064918     0.000000     0.000000     0.000000
    8.463182     0.000000     0.000000     0.013203     0.000000     0.000000     0.000000
    8.485661     0.000000     0.000000    -0.039860     0.000000     0.000000     0.000000
    8.508139     0.000000     0.000000    -0.094114     0.000000     0.000000     0.000000
    8.530618     0.000000     0.000000    -0.147184     0.000000     0.000000     0.000000
    8.553096     0.000000     0.000000    -0.200791     0.000000     0.000000     0.000000
    8.575575     0.000000     0.000000    -0.254254     0.000000     0.000000     0.000000
    8.598054     0.000000     0.000000    -0.304442     0.000000     0.000000     0.000000
    8.620532     0.000000     0.000000    -0.349059     0.000000     0.000000     0.000000
    8.643011     0.000000     0.000000    -0.388066     0.000000     0.000000     0.000000
    8.665489     0.000000     0.000000    -0.424088     0.000000     0.000000     0.000000
    8.687968     0.000000     0.000000    -0.452241     0.000000     0.000000     0.000000
    8.710446     0.000000     0.000000    -0.474542     0.000000     0.000000     0.000000
    8.732925     0.000000     0.000000    -0.489152     0.000000     0.000000     0.000000
    8.755404     0.000000     0.000000    -0.495230     0.000000     0.000000     0.000000
    8.777882     0.000000     0.000000    -0.495930     0.000000     0.000000     0.000000
    8.800361     0.000000     0.000000    -0.488064     0.000000     0.000000     0.000000
    8.822839     0.000000     0.000000    -0.473809     0.000000     0.000000     0.000000
    8.845318     0.000000     0.000000    -0.454164     0.000000     0.000000     0.000000
    8.867796     0.000000     0.000000    -0.431291     0.000000     0.000000     0.000000
    8.890275     0.000000     0.000000    -0.405786     0.000000     0.000000     0.000000
    8.912754     0.000000     0.000000    -0.377379     0.000000     0.000000     0.000000
    8.935232     0.000000     0.000000    -0.349013     0.000000     0.000000     0.000000
    8.957711     0.000000     0.000000    -0.320898     0.000000     0.000000     0.000000
    8.980189     0.000000     0.000000    -0.294830     0.000000     0.000000     0.000000
    9.002668     0.000000     0.000000    -0.270263     0.000000     0.000000     0.000000
    9.025146     0.000000     0.000000    -0.245819     0.000000     0.000000     0.000000
    9.047625     0.000000     0.000000    -0.223840     0.000000     0.000000     0.000000
    9.070104     0.000000     0.000000    -0.203686     0.000000     0.000000     0.000000
    9.092582     0.000000     0.000000    -0.185745     0.000000     0.000000     0.000000
    9.115061     0.000000     0.000000    -0.168256     0.000000     0.000000     0.000000
    9.137539     0.000000     0.000000    -0.152634     0.000000     0.000000     0.000000
    9.160018     0.000000     0.000000    -0.137776     0.000000     0.000000     0.000000
    9.182496     0.000000     0.000000    -0.123752     0.000000     0.000000     0.000000
    9.204975     0.000000     0.000000    -0.112213     0.000000     0.000000     0.000000
    9.227454     0.000000     0.000000    -0.102412     0.000000     0.000000     0.000000
    9.249932     0.000000     0.000000    -0.095667     0.000000     0.000000     0.000000
    9.272411     0.000000     0.000000    -0.090388     0.000000     0.000000     0.000000
    9.294889     0.000000     0.000000    -0.086430     0.000000     0.000000     0.000000
    9.317368     0.000000     0.000000    -0.083941     0.000000     0.000000     0.000000
    9.339846     0.000000     0.000000    -0.083680     0.000000     0.000000     0.000000
    9.362325     0.000000     0.000000    -0.085466     0.000000     0.000000     0.000000
    9.384804     0.000000     0.000000    -0.088289     0.000000     0.000000     0.000000
    9.407282     0.000000     0.000000    -0.093584     0.000000     0.000000     0.000000
    9.429761     0.000000     0.000000    -0.104174     0.000000     0.000000     0.000000
    9.452239     0.000000     0.000000    -0.118208     0.000000     0.000000     0.000000
    9.474718     0.000000     0.000000    -0.134005     0.000000     0.000000     0.000000
    9.497196     0.000000     0.000000    -0.146616     0.000000     0.000000     0.000000
    9.519675     0.000000     0.000000    -0.157273     0.000000     0.000000     0.000000
    9.542154     0.000000     0.000000    -0.164192     0.000000     0.000000     0.000000
    9.564632     0.000000     0.000000    -0.165681     0.000000     0.000000     0.000000
    9.587111     0.000000     0.000000    -0.159106     0.000000     0.000000     0.000000
    9.609589     0.000000     0.000000    -0.147947     0.000000     0.000000     0.000000
    9.632068     0.000000     0.000000    -0.131936     0.000000     0.000000     0.000000
    9.654546     0.000000     0.000000    -0.112575     0.000000     0.000000     0.000000
    9.677025     0.000000     0.000000    -0.089242     0.000000     0.000000     0.000000
    9.699504     0.000000     0.000000    -0.060464     0.000000     0.000000     0.000000
    9.721982     0.000000     0.000000    -0.029356     0.000000     0.000000     0.000000
    9.744461     0.000000     0.000000     0.001046     0.000000     0.000000     0.000000
    9.766939     0.000000     0.000000     0.031841     0.000000     0.000000     0.000000
    9.789418     0.000000     0.000000     0.062004     0.000000     0.000000     0.000000
    9.811896     0.000000     0.000000     0.090914     0.000000     0.000000     0.000000
    9.834375     0.000000     0.000000     0.115973     0.000000     0.000000     0.000000
    9.856854     0.000000     0.000000     0.138370     0.000000     0.000000     0.000000
    9.879332     0.000000     0.000000     0.156873     0.000000     0.000000     0.000000
    9.901811     0.000000     0.000000     0.171388     0.000000     0.000000     0.000000
    9.924289     0.000000     0.000000     0.181890     0.000000     0.000000     0.000000
    9.946768     0.000000     0.000000     0.188464     0.000000     0.000000     0.000000
    9.969246     0.000000     0.000000     0.192276     0.000000     0.000000     0.000000
    9.991725     0.000000     0.000000     0.196016     0.000000     0.000000     0.000000
   10.014204     0.000000     0.000000     0.199283     0.000000     0.000000     0.000000
   10.036682     0.000000     0.000000     0.201870     0.000000     0.000000     0.000000
   10.059161     0.000000     0.000000     0.204939     0.000000     0.000000     0.000000
   10.081639     0.000000     0.000000     0.207499     0.000000     0.000000     0.000000
   10.104118     0.000000     0.000000     0.210535     0.000000     0.000000     0.000000
   10.126596     0.000000     0.000000     0.211290     0.000000     0.000000     0.000000
   10.149075     0.000000     0.000000     0.209745     0.000000     0.000000     0.000000
   10.171554     0.000000     0.000000     0.207929     0.000000     0.000000     0.000000
   10.194032     0.000000     0.000000     0.204909     0.000000     0.000000     0.000000
   10.216511     0.000000     0.000000     0.201189     0.000000     0.000000     0.000000
   10.238989     0.000000     0.000000     0.196375     0.000000     0.000000     0.000000
   10.261468     0.000000     0.000000     0.189491     0.000000     0.000000     0.000000
   10.283946     0.000000     0.000000     0.182853     0.000000     0.000000     0.000000
   10.306425     0.000000     0.000000     0.176125     0.000000     0.000000     0.000000
   10.328904     0.000000     0.000000     0.168602     0.000000     0.000000     0.000000
   10.351382     0.000000     0.000000     0.159988     0.000000     0.000000     0.000000
   10.373861     0.000000     0.000000     0.150652     0.000000     0.000000     0.000000
   10.396339     0.000000     0.000000     0.141966     0.000000     0.000000     0.000000
   10.418818     0.000000     0.000000     0.135942     0.000000     0.000000     0.000000
   10.441296     0.000000     0.000000     0.130966     0.000000     0.000000     0.000000
   10.463775     0.000000     0.000000     0.127580     0.000000     0.000000     0.000000
   10.486254     0.000000     0.000000     0.127260     0.000000     0.000000     0.000000
   10.508732     0.000000     0.000000     0.129642     0.000000     0.000000     0.000000
   10.531211     0.000000     0.000000     0.133705     0.000000     0.000000     0.000000
   10.553689     0.000000     0.000000     0.139163     0.000000     0.000000     0.000000
   10.576168     0.000000     0.000000     0.145904     0.000000     0.000000     0.000000
   10.598646     0.000000     0.000000     0.154654     0.000000     0.000000     0.000000
   10.621125     0.000000     0.000000     0.165912     0.000000     0.000000     0.000000
   10.643604     0.000000     0.000000     0.181936     0.000000     0.000000     0.000000
   10.666082     0.000000     0.000000     0.198384     0.000000     0.000000     0.000000
   10.688561     0.000000     0.000000     0.214930     0.000000     0.000000     0.000000
   10.711039     0.000000     0.000000     0.232250     0.000000     0.000000     0.000000
   10.733518     0.000000     0.000000     0.249042     0.000000     0.000000     0.000000
   10.755996     0.000000     0.000000     0.263599     0.000000     0.000000     0.000000
   10.778475     0.000000     0.000000     0.276621     0.000000     0.000000     0.000000
   10.800954     0.000000     0.000000     0.285404     0.000000     0.000000     0.000000
   10.823432     0.000000     0.000000     0.292521     0.000000     0.000000     0.000000
   10.845911     0.000000     0.000000     0.298807     0.000000     0.000000     0.000000
   10.868389     0.000000     0.000000     0.305250     0.000000     0.000000     0.000000
   10.890868     0.000000     0.000000     0.311193     0.000000     0.000000     0.000000
   10.913346     0.000000     0.000000     0.315816     0.000000     0.000000     0.000000
   10.935825     0.000000     0.000000     0.319015     0.000000     0.000000     0.000000
   10.958304     0.000000     0.000000     0.320701     0.000000     0.000000     0.000000
   10.980782     0.000000     0.000000     0.320797     0.000000     0.000000     0.000000
   11.003261     0.000000     0.000000     0.319244     0.000000     0.000000     0.000000
   11.025739     0.000000     0.000000     0.315998     0.000000     0.000000     0.000000
   11.048218     0.000000     0.000000     0.311036     0.000000     0.000000     0.000000
   11.070696     0.000000     0.000000     0.304349     0.000000     0.000000     0.000000
   11.093175     0.000000     0.000000     0.295950     0.000000     0.000000     0.000000
   11.115654     0.000000     0.000000     0.285872     0.000000     0.000000     0.000000
   11.138132     0.000000     0.000000     0.274168     0.000000     0.000000     0.000000
   11.160611     0.000000     0.000000     0.260910     0.000000     0.000000     0.000000
   11.183089     0.000000     0.000000     0.246192     0.000000     0.000000     0.000000
   11.205568     0.000000     0.000000     0.230126     0.000000     0.000000     0.000000
   11.228046     0.000000     0.000000     0.212848     0.000000     0.000000     0.000000
   11.250525     0.000000     0.000000     0.194510     0.000000     0.000000     0.000000
   11.273004     0.000000     0.000000     0.175285     0.000000     0.000000     0.000000
   11.295482     0.000000     0.000000     0.155363     0.000000     0.000000     0.000000
   11.317961     0.000000     0.000000     0.134953     0.000000     0.000000     0.000000
   11.340439     0.000000     0.000000     0.114278     0.000000     0.000000     0.000000
   11.362918     0.000000     0.000000     0.093577     0.000000     0.000000     0.000000
   11.385396     0.000000     0.000000     0.073101     0.000000     0.000000     0.000000
   11.407875     0.000000     0.000000     0.053113     0.000000     0.000000     0.000000
   11.430354     0.000000     0.000000     0.033884     0.000000     0.000000     0.000000
   11.452832     0.000000     0.000000     0.015692     0.000000     0.000000     0.000000
   11.475311     0.000000     0.000000    -0.001180     0.000000     0.000000     0.000000
   11.497789     0.000000     0.000000    -0.016449     0.000000     0.000000     0.000000
   11.520268     0.000000     0.000000    -0.029833     0.000000     0.000000     0.000000
   11.542746     0.000000     0.000000    -0.041055     0.000000     0.000000     0.000000
   11.565225     0.000000     0.000000    -0.049848     0.000000     0.000000     0.000000
   11.587704     0.000000     0.000000    -0.055955     0.000000     0.000000     0.000000
   11.610182     0.000000     0.000000    -0.059138     0.000000     0.000000     0.000000
   11.632661     0.000000     0.000000    -0.059179     0.000000     0.000000     0.000000
   11.655139     0.000000     0.000000    -0.055884     0.000000     0.000000     0.000000
   11.677618     0.000000     0.000000    -0.049093     0.000000     0.000000     0.000000
   11.700096     0.000000     0.000000    -0.038678     0.000000     0.000000     0.000000
   11.722575     0.000000     0.000000    -0.024555     0.000000     0.000000     0.000000
   11.745054     0.000000     0.000000    -0.006687     0.000000     0.000000     0.000000
   11.767532     0.000000     0.000000     0.014912     0.000000     0.000000     0.000000
   11.790011     0.000000     0.000000     0.040166     0.000000     0.000000     0.000000
   11.812489     0.000000     0.000000     0.068934     0.000000     0.000000     0.000000
   11.834968     0.000000     0.000000     0.101003     0.000000     0.000000     0.000000
   11.857446     0.000000     0.000000     0.136075     0.000000     0.000000     0.000000
   11.879925     0.000000     0.000000     0.173769     0.000000     0.000000     0.000000
   11.902404     0.000000     0.000000     0.213603     0.000000     0.000000     0.000000
   11.924882     0.000000     0.000000     0.254995     0.000000     0.000000     0.000000
   11.947361     0.000000     0.000000     0.297245     0.000000     0.000000     0.000000
   11.969839     0.000000     0.000000     0.339536     0.000000     0.000000     0.000000
   11.992318     0.000000     0.000000     0.380914     0.000000     0.000000     0.000000
   12.014796     0.000000     0.000000     0.420290     0.000000     0.000000     0.000000
   12.037275     0.000000     0.000000     0.456420     0.000000     0.000000     0.000000
   12.059754     0.000000     0.000000     0.487901     0.000000     0.000000     0.000000
   12.082232     0.000000     0.000000     0.513156     0.000000     0.000000     0.000000
   12.104711     0.000000     0.000000     0.530427     0.000000     0.000000     0.000000
   12.127189     0.000000     0.000000     0.537763     0.000000     0.000000     0.000000
   12.149668     0.000000     0.000000     0.533006     0.000000     0.000000     0.000000
   12.172146     0.000000     0.000000     0.513780     0.000000     0.000000     0.000000
   12.194625     0.000000     0.000000     0.477481     0.000000     0.000000     0.000000
