    3.135761     0.000000     0.000000    -0.051035     0.000000     0.000000     0.000000
    3.158239     0.000000     0.000000     0.368501     0.000000     0.000000     0.000000
    3.180718     0.000000     0.000000     0.697064     0.000000     0.000000     0.000000
    3.203196     0.000000     0.000000     0.947739     0.000000     0.000000     0.000000
    3.225675     0.000000     0.000000     1.132228     0.000000     0.000000     0.000000
    3.248154     0.000000     0.000000     1.260955     0.000000     0.000000     0.000000
    3.270632     0.000000     0.000000     1.343170     0.000000     0.000000     0.000000
    3.293111     0.000000     0.000000     1.387045     0.000000     0.000000     0.000000
    3.315589     0.000000     0.000000     1.399764     0.000000     0.000000     0.000000
    3.338068     0.000000     0.000000     1.387608     0.000000     0.000000     0.000000
    3.360546     0.000000     0.000000     1.356040     0.000000     0.000000     0.000000
    3.383025     0.000000     0.000000     1.309775     0.000000     0.000000     0.000000
    3.405504     0.000000     0.000000     1.252852     0.000000     0.000000     0.000000
    3.427982     0.000000     0.000000     1.188703     0.000000     0.000000     0.000000
    3.450461     0.000000     0.000000     1.120211     0.000000     0.000000     0.000000
    3.472939     0.000000     0.000000     1.049773     0.000000     0.000000     0.000000
    3.495418     0.000000     0.000000     0.979345     0.000000     0.000000     0.000000
    3.517896     0.000000     0.000000     0.910499     0.000000     0.000000     0.000000
    3.540375     0.000000     0.000000     0.844466     0.000000     0.000000     0.000000
    3.562854     0.000000     0.000000     0.782181     0.000000     0.000000     0.000000
    3.585332     0.000000     0.000000     0.724316     0.000000     0.000000     0.000000
    3.607811     0.000000     0.000000     0.671323     0.000000     0.000000     0.000000
    3.630289     0.000000     0.000000     0.623461     0.000000     0.000000     0.000000
    3.652768     0.000000     0.000000     0.580833     0.000000     0.000000     0.000000
    3.675246     0.000000     0.000000     0.543403     0.000000     0.000000     0.000000
    3.697725     0.000000     0.000000     0.511031     0.000000     0.000000     0.000000
    3.720204     0.000000     0.000000     0.483489     0.000000     0.000000     0.000000
    3.742682     0.000000     0.000000     0.460480     0.000000     0.000000     0.000000
    3.765161     0.000000     0.000000     0.441661     0.000000     0.000000     0.000000
    3.787639     0.000000     0.000000     0.426654     0.000000     0.000000     0.000000
    3.810118     0.000000     0.000000     0.415062     0.000000     0.000000     0.000000
    3.832596     0.000000     0.000000     0.406478     0.000000     0.000000     0.000000
    3.855075     0.000000     0.000000     0.400498     0.000000     0.000000     0.000000
    3.877554     0.000000     0.000000     0.396729     0.000000     0.000000     0.000000
    3.900032     0.000000     0.000000     0.394795     0.000000     0.000000     0.000000
    3.922511     0.000000     0.000000     0.394344     0.000000     0.000000     0.000000
    3.944989     0.000000     0.000000     0.395051     0.000000     0.000000     0.000000
    3.967468     0.000000     0.000000     0.396624     0.000000     0.000000     0.000000
    3.989946     0.000000     0.000000     0.398804     0.000000     0.000000     0.000000
    4.012425     0.000000     0.000000     0.401367     0.000000     0.000000     0.000000
    4.034904     0.000000     0.000000     0.404125     0.000000     0.000000     0.000000
    4.057382     0.000000     0.000000     0.406927     0.000000     0.000000     0.000000
    4.079861     0.000000     0.000000     0.409654     0.000000     0.000000     0.000000
    4.102339     0.000000     0.000000     0.412224     0.000000     0.000000     0.000000
    4.124818     0.000000     0.000000     0.414585     0.000000     0.000000     0.000000
    4.147296     0.000000     0.000000     0.416714     0.000000     0.000000     0.000000
    4.169775     0.000000     0.000000     0.418617     0.000000     0.000000     0.000000
    4.192254     0.000000     0.000000     0.420321     0.000000     0.000000     0.000000
    4.214732     0.000000     0.000000     0.421875     0.000000     0.000000     0.000000
    4.237211     0.000000     0.000000     0.423346     0.000000     0.000000     0.000000
    4.259689     0.000000     0.000000     0.424814     0.000000     0.000000     0.000000
    4.282168     0.000000     0.000000     0.426369     0.000000     0.000000     0.000000
    4.304646     0.000000     0.000000     0.428110     0.000000     0.000000     0.000000
    4.327125     0.000000     0.000000     0.430138     0.000000     0.000000     0.000000
    4.349604     0.000000     0.000000     0.432554     0.000000     0.000000     0.000000
    4.372082     0.000000     0.000000     0.435457     0.000000     0.000000     0.000000
    4.394561     0.000000     0.000000     0.438942     0.000000     0.000000     0.000000
    4.417039     0.000000     0.000000     0.443091     0.000000     0.000000     0.000000
    4.439518     0.000000     0.000000     0.447980     0.000000     0.000000     0.000000
    4.461996     0.000000     0.000000     0.453667     0.000000     0.000000     0.000000
    4.484475     0.000000     0.000000     0.461282     0.000000     0.000000     0.000000
    4.506954     0.000000     0.000000     0.468978     0.000000     0.000000     0.000000
    4.529432     0.000000     0.000000     0.476399     0.000000     0.000000     0.000000
    4.551911     0.000000     0.000000     0.483095     0.000000     0.000000     0.000000
    4.574389     0.000000     0.000000     0.491919     0.000000     0.000000     0.000000
    4.596868     0.000000     0.000000     0.500581     0.000000     0.000000     0.000000
    4.619346     0.000000     0.000000     0.510327     0.000000     0.000000     0.000000
    4.641825     0.000000     0.000000     0.520929     0.000000     0.000000     0.000000
    4.664304     0.000000     0.000000     0.532403     0.000000     0.000000     0.000000
    4.686782     0.000000     0.000000     0.544791     0.000000     0.000000     0.000000
    4.709261     0.000000     0.000000     0.557803     0.000000     0.000000     0.000000
    4.731739     0.000000     0.000000     0.570231     0.000000     0.000000     0.000000
    4.754218     0.000000     0.000000     0.582644     0.000000     0.000000     0.000000
    4.776696     0.000000     0.000000     0.594033     0.000000     0.000000     0.000000
    4.799175     0.000000     0.000000     0.604701     0.000000     0.000000     0.000000
    4.821654     0.000000     0.000000     0.614235     0.000000     0.000000     0.000000
    4.844132     0.000000     0.000000     0.623726     0.000000     0.000000     0.000000
    4.866611     0.000000     0.000000     0.633640     0.000000     0.000000     0.000000
    4.889089     0.000000     0.000000     0.643327     0.000000     0.000000     0.000000
    4.911568     0.000000     0.000000     0.653130     0.000000     0.000000     0.000000
    4.934046     0.000000     0.000000     0.662031     0.000000     0.000000     0.000000
    4.956525     0.000000     0.000000     0.670292     0.000000     0.000000     0.000000
    4.979004     0.000000     0.000000     0.677185     0.000000     0.000000     0.000000
    5.001482     0.000000     0.000000     0.681694     0.000000     0.000000     0.000000
    5.023961     0.000000     0.000000     0.683470     0.000000     0.000000     0.000000
    5.046439     0.000000     0.000000     0.682905     0.000000     0.000000     0.000000
    5.068918     0.000000     0.000000     0.680753     0.000000     0.000000     0.000000
    5.091396     0.000000     0.000000     0.677075     0.000000     0.000000     0.000000
    5.113875     0.000000     0.000000     0.671780     0.000000     0.000000     0.000000
    5.136354     0.000000     0.000000     0.666275     0.000000     0.000000     0.000000
    5.158832     0.000000     0.000000     0.659258     0.000000     0.000000     0.000000
    5.181311     0.000000     0.000000     0.651478     0.000000     0.000000     0.000000
    5.203789     0.000000     0.000000     0.642227     0.000000     0.000000     0.000000
    5.226268     0.000000     0.000000     0.631783     0.000000     0.000000     0.000000
    5.248746     0.000000     0.000000     0.620182     0.000000     0.000000     0.000000
    5.271225     0.000000     0.000000     0.607144     0.000000     0.000000     0.000000
    5.293704     0.000000     0.000000     0.593763     0.000000     0.000000     0.000000
    5.316182     0.000000     0.000000     0.580382     0.000000     0.000000     0.000000
    5.338661     0.000000     0.000000     0.567792     0.000000     0.000000     0.000000
    5.361139     0.000000     0.000000     0.556664     0.000000     0.000000     0.000000
    5.383618     0.000000     0.000000     0.545336     0.000000     0.000000     0.000000
    5.406096     0.000000     0.000000     0.535045     0.000000     0.000000     0.000000
    5.428575     0.000000     0.000000     0.524758     0.000000     0.000000     0.000000
    5.451054     0.000000     0.000000     0.514313     0.000000     0.000000     0.000000
    5.473532     0.000000     0.000000     0.504173     0.000000     0.000000     0.000000
    5.496011     0.000000     0.000000     0.493814     0.000000     0.000000     0.000000
    5.518489     0.000000     0.000000     0.484164     0.000000     0.000000     0.000000
    5.540968     0.000000     0.000000     0.475986     0.000000     0.000000     0.000000
    5.563446     0.000000     0.000000     0.469348     0.000000     0.000000     0.000000
    5.585925     0.000000     0.000000     0.463896     0.000000     0.000000     0.000000
    5.608404     0.000000     0.000000     0.459977     0.000000     0.000000     0.000000
    5.630882     0.000000     0.000000     0.457541     0.000000     0.000000     0.000000
    5.653361     0.000000     0.000000     0.455816     0.000000     0.000000     0.000000
    5.675839     0.000000     0.000000     0.455432     0.000000     0.000000     0.000000
    5.698318     0.000000     0.000000     0.457430     0.000000     0.000000     0.000000
    5.720796     0.000000     0.000000     0.460967     0.000000     0.000000     0.000000
    5.743275     0.000000     0.000000     0.466891     0.000000     0.000000     0.000000
    5.765754     0.000000     0.000000     0.474487     0.000000     0.000000     0.000000
    5.788232     0.000000     0.000000     0.482343     0.000000     0.000000     0.000000
    5.810711     0.000000     0.000000     0.489101     0.000000     0.000000     0.000000
    5.833189     0.000000     0.000000     0.494579     0.000000     0.000000     0.000000
    5.855668     0.000000     0.000000     0.499128     0.000000     0.000000     0.000000
    5.878146     0.000000     0.000000     0.501312     0.000000     0.000000     0.000000
    5.900625     0.000000     0.000000     0.501268     0.000000     0.000000     0.000000
    5.923104     0.000000     0.000000     0.499242     0.000000     0.000000     0.000000
    5.945582     0.000000     0.000000     0.494896     0.000000     0.000000     0.000000
    5.968061     0.000000     0.000000     0.488613     0.000000     0.000000     0.000000
    5.990539     0.000000     0.000000     0.479666     0.000000     0.000000     0.000000
    6.013018     0.000000     0.000000     0.467977     0.000000     0.000000     0.000000
    6.035496     0.000000     0.000000     0.453355     0.000000     0.000000     0.000000
    6.057975     0.000000     0.000000     0.437077     0.000000     0.000000     0.000000
    6.080454     0.000000     0.000000     0.418985     0.000000     0.000000     0.000000
    6.102932     0.000000     0.000000     0.399556     0.000000     0.000000     0.000000
    6.125411     0.000000     0.000000     0.379131     0.000000     0.000000     0.000000
    6.147889     0.000000     0.000000     0.358652     0.000000     0.000000     0.000000
    6.170368     0.000000     0.000000     0.339819     0.000000     0.000000     0.000000
    6.192846     0.000000     0.000000     0.322852     0.000000     0.000000     0.000000
    6.215325     0.000000     0.000000     0.308828     0.000000     0.000000     0.000000
    6.237804     0.000000     0.000000     0.298114     0.000000     0.000000     0.000000
    6.260282     0.000000     0.000000     0.290901     0.000000     0.000000     0.000000
    6.282761     0.000000     0.000000     0.286210     0.000000     0.000000     0.000000
    6.305239     0.000000     0.000000     0.283679     0.000000     0.000000     0.000000
    6.327718     0.000000     0.000000     0.283972     0.000000     0.000000     0.000000
    6.350196     0.000000     0.000000     0.286419     0.000000     0.000000     0.000000
    6.372675     0.000000     0.000000     0.290869     0.000000     0.000000     0.000000
    6.395154     0.000000     0.000000     0.296843     0.000000     0.000000     0.000000
    6.417632     0.000000     0.000000     0.303808     0.000000     0.000000     0.000000
    6.440111     0.000000     0.000000     0.311529     0.000000     0.000000     0.000000
    6.462589     0.000000     0.000000     0.318529     0.000000     0.000000     0.000000
    6.485068     0.000000     0.000000     0.324869     0.000000     0.000000     0.000000
    6.507546     0.000000     0.000000     0.330115     0.000000     0.000000     0.000000
    6.530025     0.000000     0.000000     0.334984     0.000000     0.000000     0.000000
    6.552504     0.000000     0.000000     0.340052     0.000000     0.000000     0.000000
    6.574982     0.000000     0.000000     0.344808     0.000000     0.000000     0.000000
    6.597461     0.000000     0.000000     0.349320     0.000000     0.000000     0.000000
    6.619939     0.000000     0.000000     0.353212     0.000000     0.000000     0.000000
    6.642418     0.000000     0.000000     0.356157     0.000000     0.000000     0.000000
    6.664896     0.000000     0.000000     0.358295     0.000000     0.000000     0.000000
    6.687375     0.000000     0.000000     0.358793     0.000000     0.000000     0.000000
    6.709854     0.000000     0.000000     0.359076     0.000000     0.000000     0.000000
    6.732332     0.000000     0.000000     0.359143     0.000000     0.000000     0.000000
    6.754811     0.000000     0.000000     0.359646     0.000000     0.000000     0.000000
    6.777289     0.000000     0.000000     0.361250     0.000000     0.000000     0.000000
    6.799768     0.000000     0.000000     0.362706     0.000000     0.000000     0.000000
    6.822246     0.000000     0.000000     0.365257     0.000000     0.000000     0.000000
    6.844725     0.000000     0.000000     0.368207     0.000000     0.000000     0.000000
    6.867204     0.000000     0.000000     0.370653     0.000000     0.000000     0.000000
    6.889682     0.000000     0.000000     0.373107     0.000000     0.000000     0.000000
    6.912161     0.000000     0.000000     0.375099     0.000000     0.000000     0.000000
    6.934639     0.000000     0.000000     0.377422     0.000000     0.000000     0.000000
    6.957118     0.000000     0.000000     0.378663     0.000000     0.000000     0.000000
    6.979596     0.000000     0.000000     0.379676     0.000000     0.000000     0.000000
    7.002075     0.000000     0.000000     0.380598     0.000000     0.000000     0.000000
    7.024554     0.000000     0.000000     0.381266     0.000000     0.000000     0.000000
    7.047032     0.000000     0.000000     0.382639     0.000000     0.000000     0.000000
    7.069511     0.000000     0.000000     0.384393     0.000000     0.000000     0.000000
    7.091989     0.000000     0.000000     0.385606     0.000000     0.000000     0.000000
    7.114468     0.000000     0.000000     0.386550     0.000000     0.000000     0.000000
    7.136946     0.000000     0.000000     0.387665     0.000000     0.000000     0.000000
    7.159425     0.000000     0.000000     0.388645     0.000000     0.000000     0.000000
    7.181904     0.000000     0.000000     0.388626     0.000000     0.000000     0.000000
    7.204382     0.000000     0.000000     0.388124     0.000000     0.000000     0.000000
    7.226861     0.000000     0.000000     0.387244     0.000000     0.000000     0.000000
    7.249339     0.000000     0.000000     0.386055     0.000000     0.000000     0.000000
    7.271818     0.000000     0.000000     0.385171     0.000000     0.000000     0.000000
    7.294296     0.000000     0.000000     0.383489     0.000000     0.000000     0.000000
    7.316775     0.000000     0.000000     0.381059     0.000000     0.000000     0.000000
    7.339254     0.000000     0.000000     0.378063     0.000000     0.000000     0.000000
    7.361732     0.000000     0.000000     0.374809     0.000000     0.000000     0.000000
    7.384211     0.000000     0.000000     0.370916     0.000000     0.000000     0.000000
    7.406689     0.000000     0.000000     0.366201     0.000000     0.000000     0.000000
    7.429168     0.000000     0.000000     0.361138     0.000000     0.000000     0.000000
    7.451646     0.000000     0.000000     0.356058     0.000000     0.000000     0.000000
    7.474125     0.000000     0.000000     0.350385     0.000000     0.000000     0.000000
    7.496604     0.000000     0.000000     0.344650     0.000000     0.000000     0.000000
    7.519082     0.000000     0.000000     0.338464     0.000000     0.000000     0.000000
    7.541561     0.000000     0.000000     0.333196     0.000000     0.000000     0.000000
    7.564039     0.000000     0.000000     0.327898     0.000000     0.000000     0.000000
    7.586518     0.000000     0.000000     0.322359     0.000000     0.000000     0.000000
    7.608996     0.000000     0.000000     0.316947     0.000000     0.000000     0.000000
    7.631475     0.000000     0.000000     0.311477     0.000000     0.000000     0.000000
    7.653954     0.000000     0.000000     0.306603     0.000000     0.000000     0.000000
    7.676432     0.000000     0.000000     0.301635     0.000000     0.000000     0.000000
    7.698911     0.000000     0.000000     0.295996     0.000000     0.000000     0.000000
    7.721389     0.000000     0.000000     0.290518     0.000000     0.000000     0.000000
    7.743868     0.000000     0.000000     0.285682     0.000000     0.000000     0.000000
    7.766346     0.000000     0.000000     0.281736     0.000000     0.000000     0.000000
    7.788825     0.000000     0.000000     0.278098     0.000000     0.000000     0.000000
    7.811304     0.000000     0.000000     0.275076     0.000000     0.000000     0.000000
    7.833782     0.000000     0.000000     0.272863     0.000000     0.000000     0.000000
    7.856261     0.000000     0.000000     0.271296     0.000000     0.000000     0.000000
    7.878739     0.000000     0.000000     0.269810     0.000000     0.000000     0.000000
    7.901218     0.000000     0.000000     0.268410     0.000000     0.000000     0.000000
    7.923696     0.000000     0.000000     0.267369     0.000000     0.000000     0.000000
    7.946175     0.000000     0.000000     0.266356     0.000000     0.000000     0.000000
    7.968654     0.000000     0.000000     0.265072     0.000000     0.000000     0.000000
    7.991132     0.000000     0.000000     0.263265     0.000000     0.000000     0.000000
    8.013611     0.000000     0.000000     0.261532     0.000000     0.000000     0.000000
    8.036089     0.000000     0.000000     0.259870     0.000000     0.000000     0.000000
    8.058568     0.000000     0.000000     0.258799     0.000000     0.000000     0.000000
    8.081046     0.000000     0.000000     0.257917     0.000000     0.000000     0.000000
    8.103525     0.000000     0.000000     0.257018     0.000000     0.000000     0.000000
    8.126004     0.000000     0.000000     0.256891     0.000000     0.000000     0.000000
    8.148482     0.000000     0.000000     0.257708     0.000000     0.000000     0.000000
    8.170961     0.000000     0.000000     0.258880     0.000000     0.000000     0.000000
    8.193439     0.000000     0.000000     0.260477     0.000000     0.000000     0.000000
    8.215918     0.000000     0.000000     0.262010     0.000000     0.000000     0.000000
    8.238396     0.000000     0.000000     0.263660     0.000000     0.000000     0.000000
    8.260875     0.000000     0.000000     0.265041     0.000000     0.000000     0.000000
    8.283354     0.000000     0.000000     0.266305     0.000000     0.000000     0.000000
    8.305832     0.000000     0.000000     0.266749     0.000000     0.000000     0.000000
    8.328311     0.000000     0.000000     0.265612     0.000000     0.000000     0.000000
    8.350789     0.000000     0.000000     0.263111     0.000000     0.000000     0.000000
    8.373268     0.000000     0.000000     0.258861     0.000000     0.000000     0.000000
    8.395746     0.000000     0.000000     0.252881     0.000000     0.000000     0.000000
    8.418225     0.000000     0.000000     0.245862     0.000000     0.000000     0.000000
    8.440704     0.000000     0.000000     0.237850     0.000000     0.000000     0.000000
    8.463182     0.000000     0.000000     0.228835     0.000000     0.000000     0.000000
    8.485661     0.000000     0.000000     0.218831     0.000000     0.000000     0.000000
    8.508139     0.000000     0.000000     0.208046     0.000000     0.000000     0.000000
    8.530618     0.000000     0.000000     0.196985     0.000000     0.000000     0.000000
    8.553096     0.000000     0.000000     0.185180     0.000000     0.000000     0.000000
    8.575575     0.000000     0.000000     0.173262     0.000000     0.000000     0.000000
    8.598054     0.000000     0.000000     0.160432     0.000000     0.000000     0.000000
    8.620532     0.000000     0.000000     0.147604     0.000000     0.000000     0.000000
    8.643011     0.000000     0.000000     0.135362     0.000000     0.000000     0.000000
    8.665489     0.000000     0.000000     0.124093     0.000000     0.000000     0.000000
    8.687968     0.000000     0.000000     0.114019     0.000000     0.000000     0.000000
    8.710446     0.000000     0.000000     0.104939     0.000000     0.000000     0.000000
    8.732925     0.000000     0.000000     0.097167     0.000000     0.000000     0.000000
    8.755404     0.000000     0.000000     0.091041     0.000000     0.000000     0.000000
    8.777882     0.000000     0.000000     0.086096     0.000000     0.000000     0.000000
    8.800361     0.000000     0.000000     0.082905     0.000000     0.000000     0.000000
    8.822839     0.000000     0.000000     0.081235     0.000000     0.000000     0.000000
    8.845318     0.000000     0.000000     0.080994     0.000000     0.000000     0.000000
    8.867796     0.000000     0.000000     0.081966     0.000000     0.000000     0.000000
    8.890275     0.000000     0.000000     0.084339     0.000000     0.000000     0.000000
    8.912754     0.000000     0.000000     0.088237     0.000000     0.000000     0.000000
    8.935232     0.000000     0.000000     0.093195     0.000000     0.000000     0.000000
    8.957711     0.000000     0.000000     0.098962     0.000000     0.000000     0.000000
    8.980189     0.000000     0.000000     0.105349     0.000000     0.000000     0.000000
    9.002668     0.000000     0.000000     0.112532     0.000000     0.000000     0.000000
    9.025146     0.000000     0.000000     0.120932     0.000000     0.000000     0.000000
    9.047625     0.000000     0.000000     0.129964     0.000000     0.000000     0.000000
    9.070104     0.000000     0.000000     0.138428     0.000000     0.000000     0.000000
    9.092582     0.000000     0.000000     0.146223     0.000000     0.000000     0.000000
    9.115061     0.000000     0.000000     0.153383     0.000000     0.000000     0.000000
    9.137539     0.000000     0.000000     0.159621     0.000000     0.000000     0.000000
    9.160018     0.000000     0.000000     0.164458     0.000000     0.000000     0.000000
    9.182496     0.000000     0.000000     0.167681     0.000000     0.000000     0.000000
    9.204975     0.000000     0.000000     0.169786     0.000000     0.000000     0.000000
    9.227454     0.000000     0.000000     0.171635     0.000000     0.000000     0.000000
    9.249932     0.000000     0.000000     0.172615     0.000000     0.000000     0.000000
    9.272411     0.000000     0.000000     0.172605     0.000000     0.000000     0.000000
    9.294889     0.000000     0.000000     0.171646     0.000000     0.000000     0.000000
    9.317368     0.000000     0.000000     0.170074     0.000000     0.000000     0.000000
    9.339846     0.000000     0.000000     0.168471     0.000000     0.000000     0.000000
    9.362325     0.000000     0.000000     0.166775     0.000000     0.000000     0.000000
    9.384804     0.000000     0.000000     0.164836     0.000000     0.000000     0.000000
    9.407282     0.000000     0.000000     0.163189     0.000000     0.000000     0.000000
    9.429761     0.000000     0.000000     0.161651     0.000000     0.000000     0.000000
    9.452239     0.000000     0.000000     0.161159     0.000000     0.000000     0.000000
    9.474718     0.000000     0.000000     0.160548     0.000000     0.000000     0.000000
    9.497196     0.000000     0.000000     0.159759     0.000000     0.000000     0.000000
    9.519675     0.000000     0.000000     0.158748     0.000000     0.000000     0.000000
    9.542154     0.000000     0.000000     0.157865     0.000000     0.000000     0.000000
    9.564632     0.000000     0.000000     0.157302     0.000000     0.000000     0.000000
    9.587111     0.000000     0.000000     0.156666     0.000000     0.000000     0.000000
    9.609589     0.000000     0.000000     0.155942     0.000000     0.000000     0.000000
    9.632068     0.000000     0.000000     0.154981     0.000000     0.000000     0.000000
    9.654546     0.000000     0.000000     0.153720     0.000000     0.000000     0.000000
    9.677025     0.000000     0.000000     0.153298     0.000000     0.000000     0.000000
    9.699504     0.000000     0.000000     0.152682     0.000000     0.000000     0.000000
    9.721982     0.000000     0.000000     0.151922     0.000000     0.000000     0.000000
    9.744461     0.000000     0.000000     0.151717     0.000000     0.000000     0.000000
    9.766939     0.000000     0.000000     0.152272     0.000000     0.000000     0.000000
    9.789418     0.000000     0.000000     0.152908     0.000000     0.000000     0.000000
    9.811896     0.000000     0.000000     0.153585     0.000000     0.000000     0.000000
    9.834375     0.000000     0.000000     0.154539     0.000000     0.000000     0.000000
    9.856854     0.000000     0.000000     0.155382     0.000000     0.000000     0.000000
    9.879332     0.000000     0.000000     0.156553     0.000000     0.000000     0.000000
    9.901811     0.000000     0.000000     0.158252     0.000000     0.000000     0.000000
    9.924289     0.000000     0.000000     0.160275     0.000000     0.000000     0.000000
    9.946768     0.000000     0.000000     0.162749     0.000000     0.000000     0.000000
    9.969246     0.000000     0.000000     0.165829     0.000000     0.000000     0.000000
    9.991725     0.000000     0.000000     0.168837     0.000000     0.000000     0.000000
   10.014204     0.000000     0.000000     0.171546     0.000000     0.000000     0.000000
   10.036682     0.000000     0.000000     0.173704     0.000000     0.000000     0.000000
   10.059161     0.000000     0.000000     0.175383     0.000000     0.000000     0.000000
   10.081639     0.000000     0.000000     0.176300     0.000000     0.000000     0.000000
   10.104118     0.000000     0.000000     0.176766     0.000000     0.000000     0.000000
   10.126596     0.000000     0.000000     0.176714     0.000000     0.000000     0.000000
   10.149075     0.000000     0.000000     0.176924     0.000000     0.000000     0.000000
   10.171554     0.000000     0.000000     0.177126     0.000000     0.000000     0.000000
   10.194032     0.000000     0.000000     0.177591     0.000000     0.000000     0.000000
   10.216511     0.000000     0.000000     0.178552     0.000000     0.000000     0.000000
   10.238989     0.000000     0.000000     0.180177     0.000000     0.000000     0.000000
   10.261468     0.000000     0.000000     0.181604     0.000000     0.000000     0.000000
   10.283946     0.000000     0.000000     0.183010     0.000000     0.000000     0.000000
   10.306425     0.000000     0.000000     0.184007     0.000000     0.000000     0.000000
   10.328904     0.000000     0.000000     0.184471     0.000000     0.000000     0.000000
   10.351382     0.000000     0.000000     0.184177     0.000000     0.000000     0.000000
   10.373861     0.000000     0.000000     0.182892     0.000000     0.000000     0.000000
   10.396339     0.000000     0.000000     0.180266     0.000000     0.000000     0.000000
   10.418818     0.000000     0.000000     0.176691     0.000000     0.000000     0.000000
   10.441296     0.000000     0.000000     0.172355     0.000000     0.000000     0.000000
   10.463775     0.000000     0.000000     0.166862     0.000000     0.000000     0.000000
   10.486254     0.000000     0.000000     0.160607     0.000000     0.000000     0.000000
   10.508732     0.000000     0.000000     0.153911     0.000000     0.000000     0.000000
   10.531211     0.000000     0.000000     0.146975     0.000000     0.000000     0.000000
   10.553689     0.000000     0.000000     0.139894     0.000000     0.000000     0.000000
   10.576168     0.000000     0.000000     0.132663     0.000000     0.000000     0.000000
   10.598646     0.000000     0.000000     0.125770     0.000000     0.000000     0.000000
   10.621125     0.000000     0.000000     0.119174     0.000000     0.000000     0.000000
   10.643604     0.000000     0.000000     0.112816     0.000000     0.000000     0.000000
   10.666082     0.000000     0.000000     0.106434     0.000000     0.000000     0.000000
   10.688561     0.000000     0.000000     0.100027     0.000000     0.000000     0.000000
   10.711039     0.000000     0.000000     0.094469     0.000000     0.000000     0.000000
   10.733518     0.000000     0.000000     0.089189     0.000000     0.000000     0.000000
   10.755996     0.000000     0.000000     0.084229     0.000000     0.000000     0.000000
   10.778475     0.000000     0.000000     0.079344     0.000000     0.000000     0.000000
   10.800954     0.000000     0.000000     0.074489     0.000000     0.000000     0.000000
   10.823432     0.000000     0.000000     0.070475     0.000000     0.000000     0.000000
   10.845911     0.000000     0.000000     0.066971     0.000000     0.000000     0.000000
   10.868389     0.000000     0.000000     0.062187     0.000000     0.000000     0.000000
   10.890868     0.000000     0.000000     0.057880     0.000000     0.000000     0.000000
   10.913346     0.000000     0.000000     0.053919     0.000000     0.000000     0.000000
   10.935825     0.000000     0.000000     0.050330     0.000000     0.000000     0.000000
   10.958304     0.000000     0.000000     0.047134     0.000000     0.000000     0.000000
   10.980782     0.000000     0.000000     0.044350     0.000000     0.000000     0.000000
   11.003261     0.000000     0.000000     0.041995     0.000000     0.000000     0.000000
   11.025739     0.000000     0.000000     0.040081     0.000000     0.000000     0.000000
   11.048218     0.000000     0.000000     0.038617     0.000000     0.000000     0.000000
   11.070696     0.000000     0.000000     0.037608     0.000000     0.000000     0.000000
   11.093175     0.000000     0.000000     0.037058     0.000000     0.000000     0.000000
   11.115654     0.000000     0.000000     0.036963     0.000000     0.000000     0.000000
   11.138132     0.000000     0.000000     0.037319     0.000000     0.000000     0.000000
   11.160611     0.000000     0.000000     0.038115     0.000000     0.000000     0.000000
   11.183089     0.000000     0.000000     0.039340     0.000000     0.000000     0.000000
   11.205568     0.000000     0.000000     0.040975     0.000000     0.000000     0.000000
   11.228046     0.000000     0.000000     0.043001     0.000000     0.000000     0.000000
   11.250525     0.000000     0.000000     0.045392     0.000000     0.000000     0.000000
   11.273004     0.000000     0.000000     0.048121     0.000000     0.000000     0.000000
   11.295482     0.000000     0.000000     0.051156     0.000000     0.000000     0.000000
   11.317961     0.000000     0.000000     0.054463     0.000000     0.000000     0.000000
   11.340439     0.000000     0.000000     0.058003     0.000000     0.000000     0.000000
   11.362918     0.000000     0.000000     0.061736     0.000000     0.000000     0.000000
   11.385396     0.000000     0.000000     0.065618     0.000000     0.000000     0.000000
   11.407875     0.000000     0.000000     0.069603     0.000000     0.000000     0.000000
   11.430354     0.000000     0.000000     0.073643     0.000000     0.000000     0.000000
   11.452832     0.000000     0.000000     0.077687     0.000000     0.000000     0.000000
   11.475311     0.000000     0.000000     0.081685     0.000000     0.000000     0.000000
   11.497789     0.000000     0.000000     0.085583     0.000000     0.000000     0.000000
   11.520268     0.000000     0.000000     0.089329     0.000000     0.000000     0.000000
   11.542746     0.000000     0.000000     0.092868     0.000000     0.000000     0.000000
   11.565225     0.000000     0.000000     0.096148     0.000000     0.000000     0.000000
   11.587704     0.000000     0.000000     0.099116     0.000000     0.000000     0.000000
   11.610182     0.000000     0.000000     0.101720     0.000000     0.000000     0.000000
   11.632661     0.000000     0.000000     0.103912     0.000000     0.000000     0.000000
   11.655139     0.000000     0.000000     0.105643     0.000000     0.000000     0.000000
   11.677618     0.000000     0.000000     0.106871     0.000000     0.000000     0.000000
   11.700096     0.000000     0.000000     0.107556     0.000000     0.000000     0.000000
   11.722575     0.000000     0.000000     0.107660     0.000000     0.000000     0.000000
   11.745054     0.000000     0.000000     0.107155     0.000000     0.000000     0.000000
   11.767532     0.000000     0.000000     0.106015     0.000000     0.000000     0.000000
   11.790011     0.000000     0.000000     0.104222     0.000000     0.000000     0.000000
   11.812489     0.000000     0.000000     0.101767     0.000000     0.000000     0.000000
   11.834968     0.000000     0.000000     0.098646     0.000000     0.000000     0.000000
   11.857446     0.000000     0.000000     0.094869     0.000000     0.000000     0.000000
   11.879925     0.000000     0.000000     0.090451     0.000000     0.000000     0.000000
   11.902404     0.000000     0.000000     0.085422     0.000000     0.000000     0.000000
   11.924882     0.000000     0.000000     0.079823     0.000000     0.000000     0.000000
   11.947361     0.000000     0.000000     0.073707     0.000000     0.000000     0.000000
   11.969839     0.000000     0.000000     0.067143     0.000000     0.000000     0.000000
   11.992318     0.000000     0.000000     0.060214     0.000000     0.000000     0.000000
   12.014796     0.000000     0.000000     0.053019     0.000000     0.000000     0.000000
   12.037275     0.000000     0.000000     0.045675     0.000000     0.000000     0.000000
   12.059754     0.000000     0.000000     0.038319     0.000000     0.000000     0.000000
   12.082232     0.000000     0.000000     0.031104     0.000000     0.000000     0.000000
   12.104711     0.000000     0.000000     0.024207     0.000000     0.000000     0.000000
   12.127189     0.000000     0.000000     0.017826     0.000000     0.000000     0.000000
   12.149668     0.000000     0.000000     0.012184     0.000000     0.000000     0.000000
   12.172146     0.000000     0.000000     0.007526     0.000000     0.000000     0.000000
   12.194625     0.000000     0.000000     0.004123     0.000000     0.000000     0.000000
